<?xml version="1.0" encoding="UTF-8"?>
<!-- Generated by org.testng.reporters.JUnitXMLReporter -->
<testsuite hostname="LAPTOP-8KS32OGM" ignored="2" name="Sanity Test" tests="2" failures="0" timestamp="16 Jun 2021 21:41:36 GMT" time="19.595" errors="0">
  <testcase name="clickOnAllSelectMenuTabs" time="1.421" classname="com.nopcommerce.demo.testsuit.TestSuit"/>
  <testcase name="clickOnComputersTab" time="5.551" classname="com.nopcommerce.demo.testsuit.TestSuit"/>
  <testcase name="productArragedInAscendingOrder" time="0.0" classname="com.nopcommerce.demo.testsuit.TestSuit">
    <ignored/>
  </testcase> <!-- productArragedInAscendingOrder -->
  <testcase name="verifyShoppingCart" time="0.0" classname="com.nopcommerce.demo.testsuit.TestSuit">
    <ignored/>
  </testcase> <!-- verifyShoppingCart -->
</testsuite> <!-- Sanity Test -->
