<?xml version="1.0" encoding="UTF-8"?>
<testng-results skipped="0" failed="0" ignored="2" total="4" passed="2">
  <reporter-output>
    <line>
      <![CDATA[click on Computercom.nopcommerce.demo.page.HomePage@10289886<br>]]>
    </line>
    <line>
      <![CDATA[click on DesktopBy.xpath: //ul[@class = 'sublist']//child::li//child::a[text() = 'Desktops ']<br>]]>
    </line>
    <line>
      <![CDATA[click on Computercom.nopcommerce.demo.page.HomePage@10289886<br>]]>
    </line>
  </reporter-output>
  <suite name="testsuite" duration-ms="19595" started-at="2021-06-16T21:41:16Z" finished-at="2021-06-16T21:41:36Z">
    <groups>
      <group name="regression">
        <method signature="TestSuit.clickOnAllSelectMenuTabs()[pri:0, instance:com.nopcommerce.demo.testsuit.TestSuit@29ee9faa]" name="clickOnAllSelectMenuTabs" class="com.nopcommerce.demo.testsuit.TestSuit"/>
        <method signature="TestSuit.clickOnComputersTab()[pri:0, instance:com.nopcommerce.demo.testsuit.TestSuit@29ee9faa]" name="clickOnComputersTab" class="com.nopcommerce.demo.testsuit.TestSuit"/>
      </group> <!-- regression -->
      <group name="smoke">
        <method signature="TestSuit.clickOnComputersTab()[pri:0, instance:com.nopcommerce.demo.testsuit.TestSuit@29ee9faa]" name="clickOnComputersTab" class="com.nopcommerce.demo.testsuit.TestSuit"/>
      </group> <!-- smoke -->
      <group name="sanity">
        <method signature="TestSuit.clickOnAllSelectMenuTabs()[pri:0, instance:com.nopcommerce.demo.testsuit.TestSuit@29ee9faa]" name="clickOnAllSelectMenuTabs" class="com.nopcommerce.demo.testsuit.TestSuit"/>
        <method signature="TestSuit.clickOnComputersTab()[pri:0, instance:com.nopcommerce.demo.testsuit.TestSuit@29ee9faa]" name="clickOnComputersTab" class="com.nopcommerce.demo.testsuit.TestSuit"/>
      </group> <!-- sanity -->
    </groups>
    <test name="Sanity Test" duration-ms="19595" started-at="2021-06-16T21:41:16Z" finished-at="2021-06-16T21:41:36Z">
      <class name="com.nopcommerce.demo.testsuit.TestSuit">
        <test-method status="PASS" signature="setUp()[pri:0, instance:com.nopcommerce.demo.testsuit.TestSuit@29ee9faa]" name="setUp" is-config="true" duration-ms="6323" started-at="2021-06-16T21:41:16Z" finished-at="2021-06-16T21:41:22Z">
          <reporter-output>
          </reporter-output>
        </test-method> <!-- setUp -->
        <test-method status="PASS" signature="clickOnAllSelectMenuTabs()[pri:0, instance:com.nopcommerce.demo.testsuit.TestSuit@29ee9faa]" name="clickOnAllSelectMenuTabs" duration-ms="1421" started-at="2021-06-16T21:41:22Z" finished-at="2021-06-16T21:41:24Z">
          <reporter-output>
          </reporter-output>
        </test-method> <!-- clickOnAllSelectMenuTabs -->
        <test-method status="PASS" signature="tearDown()[pri:0, instance:com.nopcommerce.demo.testsuit.TestSuit@29ee9faa]" name="tearDown" is-config="true" duration-ms="1147" started-at="2021-06-16T21:41:24Z" finished-at="2021-06-16T21:41:25Z">
          <reporter-output>
          </reporter-output>
        </test-method> <!-- tearDown -->
        <test-method status="PASS" signature="setUp()[pri:0, instance:com.nopcommerce.demo.testsuit.TestSuit@29ee9faa]" name="setUp" is-config="true" duration-ms="4080" started-at="2021-06-16T21:41:25Z" finished-at="2021-06-16T21:41:29Z">
          <reporter-output>
          </reporter-output>
        </test-method> <!-- setUp -->
        <test-method status="PASS" signature="clickOnComputersTab()[pri:0, instance:com.nopcommerce.demo.testsuit.TestSuit@29ee9faa]" name="clickOnComputersTab" duration-ms="5551" started-at="2021-06-16T21:41:29Z" finished-at="2021-06-16T21:41:35Z">
          <reporter-output>
            <line>
              <![CDATA[click on Computercom.nopcommerce.demo.page.HomePage@10289886<br>]]>
            </line>
            <line>
              <![CDATA[click on DesktopBy.xpath: //ul[@class = 'sublist']//child::li//child::a[text() = 'Desktops ']<br>]]>
            </line>
            <line>
              <![CDATA[click on Computercom.nopcommerce.demo.page.HomePage@10289886<br>]]>
            </line>
          </reporter-output>
        </test-method> <!-- clickOnComputersTab -->
        <test-method status="PASS" signature="tearDown()[pri:0, instance:com.nopcommerce.demo.testsuit.TestSuit@29ee9faa]" name="tearDown" is-config="true" duration-ms="1016" started-at="2021-06-16T21:41:35Z" finished-at="2021-06-16T21:41:36Z">
          <reporter-output>
          </reporter-output>
        </test-method> <!-- tearDown -->
      </class> <!-- com.nopcommerce.demo.testsuit.TestSuit -->
    </test> <!-- Sanity Test -->
  </suite> <!-- testsuite -->
</testng-results>
